INFO - 17-Dec-21 12:41:15 - config_confidential.json is being read
INFO - 17-Dec-21 12:41:15 - config_info.json is being read
DEBUG - 17-Dec-21 12:41:15 - The init_update_time: 15:42
DEBUG - 17-Dec-21 12:41:15 - The init_update_time in seconds: 56520
DEBUG - 17-Dec-21 12:41:15 - The init_current_time in seconds: 42060
DEBUG - 17-Dec-21 12:41:15 - init_delay = 14460
DEBUG - 17-Dec-21 12:41:15 - Starting new HTTPS connection (1): api.coronavirus.data.gov.uk:443
DEBUG - 17-Dec-21 12:41:15 - https://api.coronavirus.data.gov.uk:443 "GET /v1/data?filters=areaType%3DLtla%3BareaName%3DExeter&structure=%7B%22date%22%3A%22date%22%2C%22newCasesByPublishDate%22%3A%22newCasesByPublishDate%22%2C%22cumDeaths60DaysByPublishDate%22%3A%22cumDeaths60DaysByPublishDate%22%2C%22hospitalCases%22%3A%22hospitalCases%22%7D&format=json&page=1 HTTP/1.1" 200 None
DEBUG - 17-Dec-21 12:41:15 - Starting new HTTPS connection (1): api.coronavirus.data.gov.uk:443
DEBUG - 17-Dec-21 12:41:15 - https://api.coronavirus.data.gov.uk:443 "GET /v1/data?filters=areaType%3DLtla%3BareaName%3DExeter&structure=%7B%22date%22%3A%22date%22%2C%22newCasesByPublishDate%22%3A%22newCasesByPublishDate%22%2C%22cumDeaths60DaysByPublishDate%22%3A%22cumDeaths60DaysByPublishDate%22%2C%22hospitalCases%22%3A%22hospitalCases%22%7D&format=json&page=2 HTTP/1.1" 204 0
WARNING - 17-Dec-21 12:41:15 -  * Debugger is active!
INFO - 17-Dec-21 12:41:15 -  * Debugger PIN: 380-742-710
INFO - 17-Dec-21 12:41:37 - json dump of event_dict into f2 is successful
DEBUG - 17-Dec-21 12:41:37 - Starting new HTTPS connection (1): api.coronavirus.data.gov.uk:443
DEBUG - 17-Dec-21 12:41:37 - https://api.coronavirus.data.gov.uk:443 "GET /v1/data?filters=areaType%3DLtla%3BareaName%3DExeter&structure=%7B%22date%22%3A%22date%22%2C%22newCasesByPublishDate%22%3A%22newCasesByPublishDate%22%2C%22cumDeaths60DaysByPublishDate%22%3A%22cumDeaths60DaysByPublishDate%22%2C%22hospitalCases%22%3A%22hospitalCases%22%7D&format=json&page=1 HTTP/1.1" 200 None
DEBUG - 17-Dec-21 12:41:37 - Starting new HTTPS connection (1): api.coronavirus.data.gov.uk:443
DEBUG - 17-Dec-21 12:41:37 - https://api.coronavirus.data.gov.uk:443 "GET /v1/data?filters=areaType%3DLtla%3BareaName%3DExeter&structure=%7B%22date%22%3A%22date%22%2C%22newCasesByPublishDate%22%3A%22newCasesByPublishDate%22%2C%22cumDeaths60DaysByPublishDate%22%3A%22cumDeaths60DaysByPublishDate%22%2C%22hospitalCases%22%3A%22hospitalCases%22%7D&format=json&page=2 HTTP/1.1" 204 0
DEBUG - 17-Dec-21 12:41:37 - Starting new HTTPS connection (1): api.coronavirus.data.gov.uk:443
DEBUG - 17-Dec-21 12:41:37 - https://api.coronavirus.data.gov.uk:443 "GET /v1/data?filters=areaType%3DLtla%3BareaName%3DExeter&structure=%7B%22date%22%3A%22date%22%2C%22newCasesByPublishDate%22%3A%22newCasesByPublishDate%22%2C%22cumDeaths60DaysByPublishDate%22%3A%22cumDeaths60DaysByPublishDate%22%2C%22hospitalCases%22%3A%22hospitalCases%22%7D&format=json&page=1 HTTP/1.1" 200 None
DEBUG - 17-Dec-21 12:41:37 - Starting new HTTPS connection (1): api.coronavirus.data.gov.uk:443
DEBUG - 17-Dec-21 12:41:37 - https://api.coronavirus.data.gov.uk:443 "GET /v1/data?filters=areaType%3DLtla%3BareaName%3DExeter&structure=%7B%22date%22%3A%22date%22%2C%22newCasesByPublishDate%22%3A%22newCasesByPublishDate%22%2C%22cumDeaths60DaysByPublishDate%22%3A%22cumDeaths60DaysByPublishDate%22%2C%22hospitalCases%22%3A%22hospitalCases%22%7D&format=json&page=2 HTTP/1.1" 204 0
DEBUG - 17-Dec-21 12:41:37 - Starting new HTTPS connection (1): api.coronavirus.data.gov.uk:443
DEBUG - 17-Dec-21 12:41:37 - https://api.coronavirus.data.gov.uk:443 "GET /v1/data?filters=areaType%3DLtla%3BareaName%3DExeter&structure=%7B%22date%22%3A%22date%22%2C%22newCasesByPublishDate%22%3A%22newCasesByPublishDate%22%2C%22cumDeaths60DaysByPublishDate%22%3A%22cumDeaths60DaysByPublishDate%22%2C%22hospitalCases%22%3A%22hospitalCases%22%7D&format=json&page=1 HTTP/1.1" 200 None
DEBUG - 17-Dec-21 12:41:37 - Starting new HTTPS connection (1): api.coronavirus.data.gov.uk:443
DEBUG - 17-Dec-21 12:41:38 - https://api.coronavirus.data.gov.uk:443 "GET /v1/data?filters=areaType%3DLtla%3BareaName%3DExeter&structure=%7B%22date%22%3A%22date%22%2C%22newCasesByPublishDate%22%3A%22newCasesByPublishDate%22%2C%22cumDeaths60DaysByPublishDate%22%3A%22cumDeaths60DaysByPublishDate%22%2C%22hospitalCases%22%3A%22hospitalCases%22%7D&format=json&page=2 HTTP/1.1" 204 0
DEBUG - 17-Dec-21 12:41:38 - Starting new HTTPS connection (1): api.coronavirus.data.gov.uk:443
DEBUG - 17-Dec-21 12:41:38 - https://api.coronavirus.data.gov.uk:443 "GET /v1/data?filters=areaType%3DLtla%3BareaName%3DExeter&structure=%7B%22date%22%3A%22date%22%2C%22newCasesByPublishDate%22%3A%22newCasesByPublishDate%22%2C%22cumDeaths60DaysByPublishDate%22%3A%22cumDeaths60DaysByPublishDate%22%2C%22hospitalCases%22%3A%22hospitalCases%22%7D&format=json&page=1 HTTP/1.1" 200 None
DEBUG - 17-Dec-21 12:41:38 - Starting new HTTPS connection (1): api.coronavirus.data.gov.uk:443
DEBUG - 17-Dec-21 12:41:38 - https://api.coronavirus.data.gov.uk:443 "GET /v1/data?filters=areaType%3DLtla%3BareaName%3DExeter&structure=%7B%22date%22%3A%22date%22%2C%22newCasesByPublishDate%22%3A%22newCasesByPublishDate%22%2C%22cumDeaths60DaysByPublishDate%22%3A%22cumDeaths60DaysByPublishDate%22%2C%22hospitalCases%22%3A%22hospitalCases%22%7D&format=json&page=2 HTTP/1.1" 204 0
DEBUG - 17-Dec-21 12:41:38 - Starting new HTTPS connection (1): api.coronavirus.data.gov.uk:443
DEBUG - 17-Dec-21 12:41:38 - https://api.coronavirus.data.gov.uk:443 "GET /v1/data?filters=areaType%3DLtla%3BareaName%3DExeter&structure=%7B%22date%22%3A%22date%22%2C%22newCasesByPublishDate%22%3A%22newCasesByPublishDate%22%2C%22cumDeaths60DaysByPublishDate%22%3A%22cumDeaths60DaysByPublishDate%22%2C%22hospitalCases%22%3A%22hospitalCases%22%7D&format=json&page=1 HTTP/1.1" 200 None
DEBUG - 17-Dec-21 12:41:38 - Starting new HTTPS connection (1): api.coronavirus.data.gov.uk:443
DEBUG - 17-Dec-21 12:41:38 - https://api.coronavirus.data.gov.uk:443 "GET /v1/data?filters=areaType%3DLtla%3BareaName%3DExeter&structure=%7B%22date%22%3A%22date%22%2C%22newCasesByPublishDate%22%3A%22newCasesByPublishDate%22%2C%22cumDeaths60DaysByPublishDate%22%3A%22cumDeaths60DaysByPublishDate%22%2C%22hospitalCases%22%3A%22hospitalCases%22%7D&format=json&page=2 HTTP/1.1" 204 0
DEBUG - 17-Dec-21 12:41:38 - Starting new HTTPS connection (1): api.coronavirus.data.gov.uk:443
DEBUG - 17-Dec-21 12:41:38 - https://api.coronavirus.data.gov.uk:443 "GET /v1/data?filters=areaType%3DLtla%3BareaName%3DExeter&structure=%7B%22date%22%3A%22date%22%2C%22newCasesByPublishDate%22%3A%22newCasesByPublishDate%22%2C%22cumDeaths60DaysByPublishDate%22%3A%22cumDeaths60DaysByPublishDate%22%2C%22hospitalCases%22%3A%22hospitalCases%22%7D&format=json&page=1 HTTP/1.1" 200 None
DEBUG - 17-Dec-21 12:41:38 - Starting new HTTPS connection (1): api.coronavirus.data.gov.uk:443
DEBUG - 17-Dec-21 12:41:38 - https://api.coronavirus.data.gov.uk:443 "GET /v1/data?filters=areaType%3DLtla%3BareaName%3DExeter&structure=%7B%22date%22%3A%22date%22%2C%22newCasesByPublishDate%22%3A%22newCasesByPublishDate%22%2C%22cumDeaths60DaysByPublishDate%22%3A%22cumDeaths60DaysByPublishDate%22%2C%22hospitalCases%22%3A%22hospitalCases%22%7D&format=json&page=2 HTTP/1.1" 204 0
DEBUG - 17-Dec-21 12:41:38 - Starting new HTTPS connection (1): api.coronavirus.data.gov.uk:443
DEBUG - 17-Dec-21 12:41:39 - https://api.coronavirus.data.gov.uk:443 "GET /v1/data?filters=areaType%3Dnation%3BareaName%3DEngland&structure=%7B%22date%22%3A%22date%22%2C%22newCasesByPublishDate%22%3A%22newCasesByPublishDate%22%2C%22cumDeaths60DaysByPublishDate%22%3A%22cumDeaths60DaysByPublishDate%22%2C%22hospitalCases%22%3A%22hospitalCases%22%7D&format=json&page=1 HTTP/1.1" 200 None
DEBUG - 17-Dec-21 12:41:39 - Starting new HTTPS connection (1): api.coronavirus.data.gov.uk:443
DEBUG - 17-Dec-21 12:41:39 - https://api.coronavirus.data.gov.uk:443 "GET /v1/data?filters=areaType%3Dnation%3BareaName%3DEngland&structure=%7B%22date%22%3A%22date%22%2C%22newCasesByPublishDate%22%3A%22newCasesByPublishDate%22%2C%22cumDeaths60DaysByPublishDate%22%3A%22cumDeaths60DaysByPublishDate%22%2C%22hospitalCases%22%3A%22hospitalCases%22%7D&format=json&page=2 HTTP/1.1" 204 0
DEBUG - 17-Dec-21 12:41:39 - Starting new HTTPS connection (1): api.coronavirus.data.gov.uk:443
DEBUG - 17-Dec-21 12:41:39 - https://api.coronavirus.data.gov.uk:443 "GET /v1/data?filters=areaType%3Dnation%3BareaName%3DEngland&structure=%7B%22date%22%3A%22date%22%2C%22newCasesByPublishDate%22%3A%22newCasesByPublishDate%22%2C%22cumDeaths60DaysByPublishDate%22%3A%22cumDeaths60DaysByPublishDate%22%2C%22hospitalCases%22%3A%22hospitalCases%22%7D&format=json&page=1 HTTP/1.1" 200 None
DEBUG - 17-Dec-21 12:41:39 - Starting new HTTPS connection (1): api.coronavirus.data.gov.uk:443
DEBUG - 17-Dec-21 12:41:39 - https://api.coronavirus.data.gov.uk:443 "GET /v1/data?filters=areaType%3Dnation%3BareaName%3DEngland&structure=%7B%22date%22%3A%22date%22%2C%22newCasesByPublishDate%22%3A%22newCasesByPublishDate%22%2C%22cumDeaths60DaysByPublishDate%22%3A%22cumDeaths60DaysByPublishDate%22%2C%22hospitalCases%22%3A%22hospitalCases%22%7D&format=json&page=2 HTTP/1.1" 204 0
DEBUG - 17-Dec-21 12:41:39 - Starting new HTTPS connection (1): api.coronavirus.data.gov.uk:443
DEBUG - 17-Dec-21 12:41:39 - https://api.coronavirus.data.gov.uk:443 "GET /v1/data?filters=areaType%3Dnation%3BareaName%3DEngland&structure=%7B%22date%22%3A%22date%22%2C%22newCasesByPublishDate%22%3A%22newCasesByPublishDate%22%2C%22cumDeaths60DaysByPublishDate%22%3A%22cumDeaths60DaysByPublishDate%22%2C%22hospitalCases%22%3A%22hospitalCases%22%7D&format=json&page=1 HTTP/1.1" 200 None
DEBUG - 17-Dec-21 12:41:39 - Starting new HTTPS connection (1): api.coronavirus.data.gov.uk:443
DEBUG - 17-Dec-21 12:41:40 - https://api.coronavirus.data.gov.uk:443 "GET /v1/data?filters=areaType%3Dnation%3BareaName%3DEngland&structure=%7B%22date%22%3A%22date%22%2C%22newCasesByPublishDate%22%3A%22newCasesByPublishDate%22%2C%22cumDeaths60DaysByPublishDate%22%3A%22cumDeaths60DaysByPublishDate%22%2C%22hospitalCases%22%3A%22hospitalCases%22%7D&format=json&page=2 HTTP/1.1" 204 0
DEBUG - 17-Dec-21 12:41:40 - Starting new HTTPS connection (1): api.coronavirus.data.gov.uk:443
DEBUG - 17-Dec-21 12:41:40 - https://api.coronavirus.data.gov.uk:443 "GET /v1/data?filters=areaType%3Dnation%3BareaName%3DEngland&structure=%7B%22date%22%3A%22date%22%2C%22newCasesByPublishDate%22%3A%22newCasesByPublishDate%22%2C%22cumDeaths60DaysByPublishDate%22%3A%22cumDeaths60DaysByPublishDate%22%2C%22hospitalCases%22%3A%22hospitalCases%22%7D&format=json&page=1 HTTP/1.1" 200 None
DEBUG - 17-Dec-21 12:41:40 - Starting new HTTPS connection (1): api.coronavirus.data.gov.uk:443
DEBUG - 17-Dec-21 12:41:40 - https://api.coronavirus.data.gov.uk:443 "GET /v1/data?filters=areaType%3Dnation%3BareaName%3DEngland&structure=%7B%22date%22%3A%22date%22%2C%22newCasesByPublishDate%22%3A%22newCasesByPublishDate%22%2C%22cumDeaths60DaysByPublishDate%22%3A%22cumDeaths60DaysByPublishDate%22%2C%22hospitalCases%22%3A%22hospitalCases%22%7D&format=json&page=2 HTTP/1.1" 204 0
DEBUG - 17-Dec-21 12:41:40 - Starting new HTTPS connection (1): api.coronavirus.data.gov.uk:443
DEBUG - 17-Dec-21 12:41:40 - https://api.coronavirus.data.gov.uk:443 "GET /v1/data?filters=areaType%3Dnation%3BareaName%3DEngland&structure=%7B%22date%22%3A%22date%22%2C%22newCasesByPublishDate%22%3A%22newCasesByPublishDate%22%2C%22cumDeaths60DaysByPublishDate%22%3A%22cumDeaths60DaysByPublishDate%22%2C%22hospitalCases%22%3A%22hospitalCases%22%7D&format=json&page=1 HTTP/1.1" 200 None
DEBUG - 17-Dec-21 12:41:40 - Starting new HTTPS connection (1): api.coronavirus.data.gov.uk:443
DEBUG - 17-Dec-21 12:41:40 - https://api.coronavirus.data.gov.uk:443 "GET /v1/data?filters=areaType%3Dnation%3BareaName%3DEngland&structure=%7B%22date%22%3A%22date%22%2C%22newCasesByPublishDate%22%3A%22newCasesByPublishDate%22%2C%22cumDeaths60DaysByPublishDate%22%3A%22cumDeaths60DaysByPublishDate%22%2C%22hospitalCases%22%3A%22hospitalCases%22%7D&format=json&page=2 HTTP/1.1" 204 0
DEBUG - 17-Dec-21 12:41:40 - Starting new HTTPS connection (1): api.coronavirus.data.gov.uk:443
DEBUG - 17-Dec-21 12:41:40 - https://api.coronavirus.data.gov.uk:443 "GET /v1/data?filters=areaType%3Dnation%3BareaName%3DEngland&structure=%7B%22date%22%3A%22date%22%2C%22newCasesByPublishDate%22%3A%22newCasesByPublishDate%22%2C%22cumDeaths60DaysByPublishDate%22%3A%22cumDeaths60DaysByPublishDate%22%2C%22hospitalCases%22%3A%22hospitalCases%22%7D&format=json&page=1 HTTP/1.1" 200 None
DEBUG - 17-Dec-21 12:41:40 - Starting new HTTPS connection (1): api.coronavirus.data.gov.uk:443
DEBUG - 17-Dec-21 12:41:40 - https://api.coronavirus.data.gov.uk:443 "GET /v1/data?filters=areaType%3Dnation%3BareaName%3DEngland&structure=%7B%22date%22%3A%22date%22%2C%22newCasesByPublishDate%22%3A%22newCasesByPublishDate%22%2C%22cumDeaths60DaysByPublishDate%22%3A%22cumDeaths60DaysByPublishDate%22%2C%22hospitalCases%22%3A%22hospitalCases%22%7D&format=json&page=2 HTTP/1.1" 204 0
DEBUG - 17-Dec-21 12:41:40 - Starting new HTTPS connection (1): api.coronavirus.data.gov.uk:443
DEBUG - 17-Dec-21 12:41:40 - https://api.coronavirus.data.gov.uk:443 "GET /v1/data?filters=areaType%3Dnation%3BareaName%3DEngland&structure=%7B%22date%22%3A%22date%22%2C%22newCasesByPublishDate%22%3A%22newCasesByPublishDate%22%2C%22cumDeaths60DaysByPublishDate%22%3A%22cumDeaths60DaysByPublishDate%22%2C%22hospitalCases%22%3A%22hospitalCases%22%7D&format=json&page=1 HTTP/1.1" 200 None
DEBUG - 17-Dec-21 12:41:40 - Starting new HTTPS connection (1): api.coronavirus.data.gov.uk:443
DEBUG - 17-Dec-21 12:41:41 - https://api.coronavirus.data.gov.uk:443 "GET /v1/data?filters=areaType%3Dnation%3BareaName%3DEngland&structure=%7B%22date%22%3A%22date%22%2C%22newCasesByPublishDate%22%3A%22newCasesByPublishDate%22%2C%22cumDeaths60DaysByPublishDate%22%3A%22cumDeaths60DaysByPublishDate%22%2C%22hospitalCases%22%3A%22hospitalCases%22%7D&format=json&page=2 HTTP/1.1" 204 0
DEBUG - 17-Dec-21 12:41:41 - Starting new HTTPS connection (1): api.coronavirus.data.gov.uk:443
DEBUG - 17-Dec-21 12:41:41 - https://api.coronavirus.data.gov.uk:443 "GET /v1/data?filters=areaType%3Dnation%3BareaName%3DEngland&structure=%7B%22date%22%3A%22date%22%2C%22newCasesByPublishDate%22%3A%22newCasesByPublishDate%22%2C%22cumDeaths60DaysByPublishDate%22%3A%22cumDeaths60DaysByPublishDate%22%2C%22hospitalCases%22%3A%22hospitalCases%22%7D&format=json&page=1 HTTP/1.1" 200 None
DEBUG - 17-Dec-21 12:41:41 - Starting new HTTPS connection (1): api.coronavirus.data.gov.uk:443
DEBUG - 17-Dec-21 12:41:41 - https://api.coronavirus.data.gov.uk:443 "GET /v1/data?filters=areaType%3Dnation%3BareaName%3DEngland&structure=%7B%22date%22%3A%22date%22%2C%22newCasesByPublishDate%22%3A%22newCasesByPublishDate%22%2C%22cumDeaths60DaysByPublishDate%22%3A%22cumDeaths60DaysByPublishDate%22%2C%22hospitalCases%22%3A%22hospitalCases%22%7D&format=json&page=2 HTTP/1.1" 204 0
DEBUG - 17-Dec-21 12:41:41 - Starting new HTTP connection (1): newsapi.org:80
DEBUG - 17-Dec-21 12:41:41 - http://newsapi.org:80 "GET /v2/top-headlines?q=Covid&language=en&apiKey=f1c4a6d877f246c089fc9ee261632bbd HTTP/1.1" 200 None
DEBUG - 17-Dec-21 12:41:41 - Starting new HTTP connection (1): newsapi.org:80
DEBUG - 17-Dec-21 12:41:42 - http://newsapi.org:80 "GET /v2/top-headlines?q=COVID-19&language=en&apiKey=f1c4a6d877f246c089fc9ee261632bbd HTTP/1.1" 200 None
DEBUG - 17-Dec-21 12:41:42 - Starting new HTTP connection (1): newsapi.org:80
DEBUG - 17-Dec-21 12:41:42 - http://newsapi.org:80 "GET /v2/top-headlines?q=coronavirus&language=en&apiKey=f1c4a6d877f246c089fc9ee261632bbd HTTP/1.1" 200 None
INFO - 17-Dec-21 12:41:42 - 127.0.0.1 - - [17/Dec/2021 12:41:42] "GET /index HTTP/1.1" 200 -
INFO - 17-Dec-21 12:41:42 - 127.0.0.1 - - [17/Dec/2021 12:41:42] "[33mGET /favicon.ico HTTP/1.1[0m" 404 -
ERROR - 17-Dec-21 12:42:07 - 'list' object has no attribute 'time'
INFO - 17-Dec-21 12:42:07 - update_item deleted
INFO - 17-Dec-21 12:42:07 - json dump of event_dict into f2 is successful
DEBUG - 17-Dec-21 12:42:07 - Starting new HTTPS connection (1): api.coronavirus.data.gov.uk:443
DEBUG - 17-Dec-21 12:42:08 - https://api.coronavirus.data.gov.uk:443 "GET /v1/data?filters=areaType%3DLtla%3BareaName%3DExeter&structure=%7B%22date%22%3A%22date%22%2C%22newCasesByPublishDate%22%3A%22newCasesByPublishDate%22%2C%22cumDeaths60DaysByPublishDate%22%3A%22cumDeaths60DaysByPublishDate%22%2C%22hospitalCases%22%3A%22hospitalCases%22%7D&format=json&page=1 HTTP/1.1" 200 None
DEBUG - 17-Dec-21 12:42:08 - Starting new HTTPS connection (1): api.coronavirus.data.gov.uk:443
DEBUG - 17-Dec-21 12:42:08 - https://api.coronavirus.data.gov.uk:443 "GET /v1/data?filters=areaType%3DLtla%3BareaName%3DExeter&structure=%7B%22date%22%3A%22date%22%2C%22newCasesByPublishDate%22%3A%22newCasesByPublishDate%22%2C%22cumDeaths60DaysByPublishDate%22%3A%22cumDeaths60DaysByPublishDate%22%2C%22hospitalCases%22%3A%22hospitalCases%22%7D&format=json&page=2 HTTP/1.1" 204 0
DEBUG - 17-Dec-21 12:42:08 - Starting new HTTPS connection (1): api.coronavirus.data.gov.uk:443
DEBUG - 17-Dec-21 12:42:08 - https://api.coronavirus.data.gov.uk:443 "GET /v1/data?filters=areaType%3DLtla%3BareaName%3DExeter&structure=%7B%22date%22%3A%22date%22%2C%22newCasesByPublishDate%22%3A%22newCasesByPublishDate%22%2C%22cumDeaths60DaysByPublishDate%22%3A%22cumDeaths60DaysByPublishDate%22%2C%22hospitalCases%22%3A%22hospitalCases%22%7D&format=json&page=1 HTTP/1.1" 200 None
DEBUG - 17-Dec-21 12:42:08 - Starting new HTTPS connection (1): api.coronavirus.data.gov.uk:443
DEBUG - 17-Dec-21 12:42:08 - https://api.coronavirus.data.gov.uk:443 "GET /v1/data?filters=areaType%3DLtla%3BareaName%3DExeter&structure=%7B%22date%22%3A%22date%22%2C%22newCasesByPublishDate%22%3A%22newCasesByPublishDate%22%2C%22cumDeaths60DaysByPublishDate%22%3A%22cumDeaths60DaysByPublishDate%22%2C%22hospitalCases%22%3A%22hospitalCases%22%7D&format=json&page=2 HTTP/1.1" 204 0
DEBUG - 17-Dec-21 12:42:08 - Starting new HTTPS connection (1): api.coronavirus.data.gov.uk:443
DEBUG - 17-Dec-21 12:42:08 - https://api.coronavirus.data.gov.uk:443 "GET /v1/data?filters=areaType%3DLtla%3BareaName%3DExeter&structure=%7B%22date%22%3A%22date%22%2C%22newCasesByPublishDate%22%3A%22newCasesByPublishDate%22%2C%22cumDeaths60DaysByPublishDate%22%3A%22cumDeaths60DaysByPublishDate%22%2C%22hospitalCases%22%3A%22hospitalCases%22%7D&format=json&page=1 HTTP/1.1" 200 None
DEBUG - 17-Dec-21 12:42:08 - Starting new HTTPS connection (1): api.coronavirus.data.gov.uk:443
DEBUG - 17-Dec-21 12:42:08 - https://api.coronavirus.data.gov.uk:443 "GET /v1/data?filters=areaType%3DLtla%3BareaName%3DExeter&structure=%7B%22date%22%3A%22date%22%2C%22newCasesByPublishDate%22%3A%22newCasesByPublishDate%22%2C%22cumDeaths60DaysByPublishDate%22%3A%22cumDeaths60DaysByPublishDate%22%2C%22hospitalCases%22%3A%22hospitalCases%22%7D&format=json&page=2 HTTP/1.1" 204 0
DEBUG - 17-Dec-21 12:42:08 - Starting new HTTPS connection (1): api.coronavirus.data.gov.uk:443
DEBUG - 17-Dec-21 12:42:08 - https://api.coronavirus.data.gov.uk:443 "GET /v1/data?filters=areaType%3DLtla%3BareaName%3DExeter&structure=%7B%22date%22%3A%22date%22%2C%22newCasesByPublishDate%22%3A%22newCasesByPublishDate%22%2C%22cumDeaths60DaysByPublishDate%22%3A%22cumDeaths60DaysByPublishDate%22%2C%22hospitalCases%22%3A%22hospitalCases%22%7D&format=json&page=1 HTTP/1.1" 200 None
DEBUG - 17-Dec-21 12:42:08 - Starting new HTTPS connection (1): api.coronavirus.data.gov.uk:443
DEBUG - 17-Dec-21 12:42:08 - https://api.coronavirus.data.gov.uk:443 "GET /v1/data?filters=areaType%3DLtla%3BareaName%3DExeter&structure=%7B%22date%22%3A%22date%22%2C%22newCasesByPublishDate%22%3A%22newCasesByPublishDate%22%2C%22cumDeaths60DaysByPublishDate%22%3A%22cumDeaths60DaysByPublishDate%22%2C%22hospitalCases%22%3A%22hospitalCases%22%7D&format=json&page=2 HTTP/1.1" 204 0
DEBUG - 17-Dec-21 12:42:08 - Starting new HTTPS connection (1): api.coronavirus.data.gov.uk:443
DEBUG - 17-Dec-21 12:42:09 - https://api.coronavirus.data.gov.uk:443 "GET /v1/data?filters=areaType%3DLtla%3BareaName%3DExeter&structure=%7B%22date%22%3A%22date%22%2C%22newCasesByPublishDate%22%3A%22newCasesByPublishDate%22%2C%22cumDeaths60DaysByPublishDate%22%3A%22cumDeaths60DaysByPublishDate%22%2C%22hospitalCases%22%3A%22hospitalCases%22%7D&format=json&page=1 HTTP/1.1" 200 None
DEBUG - 17-Dec-21 12:42:09 - Starting new HTTPS connection (1): api.coronavirus.data.gov.uk:443
DEBUG - 17-Dec-21 12:42:09 - https://api.coronavirus.data.gov.uk:443 "GET /v1/data?filters=areaType%3DLtla%3BareaName%3DExeter&structure=%7B%22date%22%3A%22date%22%2C%22newCasesByPublishDate%22%3A%22newCasesByPublishDate%22%2C%22cumDeaths60DaysByPublishDate%22%3A%22cumDeaths60DaysByPublishDate%22%2C%22hospitalCases%22%3A%22hospitalCases%22%7D&format=json&page=2 HTTP/1.1" 204 0
DEBUG - 17-Dec-21 12:42:09 - Starting new HTTPS connection (1): api.coronavirus.data.gov.uk:443
DEBUG - 17-Dec-21 12:42:09 - https://api.coronavirus.data.gov.uk:443 "GET /v1/data?filters=areaType%3DLtla%3BareaName%3DExeter&structure=%7B%22date%22%3A%22date%22%2C%22newCasesByPublishDate%22%3A%22newCasesByPublishDate%22%2C%22cumDeaths60DaysByPublishDate%22%3A%22cumDeaths60DaysByPublishDate%22%2C%22hospitalCases%22%3A%22hospitalCases%22%7D&format=json&page=1 HTTP/1.1" 200 None
DEBUG - 17-Dec-21 12:42:09 - Starting new HTTPS connection (1): api.coronavirus.data.gov.uk:443
DEBUG - 17-Dec-21 12:42:09 - https://api.coronavirus.data.gov.uk:443 "GET /v1/data?filters=areaType%3DLtla%3BareaName%3DExeter&structure=%7B%22date%22%3A%22date%22%2C%22newCasesByPublishDate%22%3A%22newCasesByPublishDate%22%2C%22cumDeaths60DaysByPublishDate%22%3A%22cumDeaths60DaysByPublishDate%22%2C%22hospitalCases%22%3A%22hospitalCases%22%7D&format=json&page=2 HTTP/1.1" 204 0
DEBUG - 17-Dec-21 12:42:09 - Starting new HTTPS connection (1): api.coronavirus.data.gov.uk:443
DEBUG - 17-Dec-21 12:42:09 - https://api.coronavirus.data.gov.uk:443 "GET /v1/data?filters=areaType%3Dnation%3BareaName%3DEngland&structure=%7B%22date%22%3A%22date%22%2C%22newCasesByPublishDate%22%3A%22newCasesByPublishDate%22%2C%22cumDeaths60DaysByPublishDate%22%3A%22cumDeaths60DaysByPublishDate%22%2C%22hospitalCases%22%3A%22hospitalCases%22%7D&format=json&page=1 HTTP/1.1" 200 None
DEBUG - 17-Dec-21 12:42:09 - Starting new HTTPS connection (1): api.coronavirus.data.gov.uk:443
DEBUG - 17-Dec-21 12:42:09 - https://api.coronavirus.data.gov.uk:443 "GET /v1/data?filters=areaType%3Dnation%3BareaName%3DEngland&structure=%7B%22date%22%3A%22date%22%2C%22newCasesByPublishDate%22%3A%22newCasesByPublishDate%22%2C%22cumDeaths60DaysByPublishDate%22%3A%22cumDeaths60DaysByPublishDate%22%2C%22hospitalCases%22%3A%22hospitalCases%22%7D&format=json&page=2 HTTP/1.1" 204 0
DEBUG - 17-Dec-21 12:42:09 - Starting new HTTPS connection (1): api.coronavirus.data.gov.uk:443
DEBUG - 17-Dec-21 12:42:09 - https://api.coronavirus.data.gov.uk:443 "GET /v1/data?filters=areaType%3Dnation%3BareaName%3DEngland&structure=%7B%22date%22%3A%22date%22%2C%22newCasesByPublishDate%22%3A%22newCasesByPublishDate%22%2C%22cumDeaths60DaysByPublishDate%22%3A%22cumDeaths60DaysByPublishDate%22%2C%22hospitalCases%22%3A%22hospitalCases%22%7D&format=json&page=1 HTTP/1.1" 200 None
DEBUG - 17-Dec-21 12:42:09 - Starting new HTTPS connection (1): api.coronavirus.data.gov.uk:443
DEBUG - 17-Dec-21 12:42:10 - https://api.coronavirus.data.gov.uk:443 "GET /v1/data?filters=areaType%3Dnation%3BareaName%3DEngland&structure=%7B%22date%22%3A%22date%22%2C%22newCasesByPublishDate%22%3A%22newCasesByPublishDate%22%2C%22cumDeaths60DaysByPublishDate%22%3A%22cumDeaths60DaysByPublishDate%22%2C%22hospitalCases%22%3A%22hospitalCases%22%7D&format=json&page=2 HTTP/1.1" 204 0
DEBUG - 17-Dec-21 12:42:10 - Starting new HTTPS connection (1): api.coronavirus.data.gov.uk:443
DEBUG - 17-Dec-21 12:42:10 - https://api.coronavirus.data.gov.uk:443 "GET /v1/data?filters=areaType%3Dnation%3BareaName%3DEngland&structure=%7B%22date%22%3A%22date%22%2C%22newCasesByPublishDate%22%3A%22newCasesByPublishDate%22%2C%22cumDeaths60DaysByPublishDate%22%3A%22cumDeaths60DaysByPublishDate%22%2C%22hospitalCases%22%3A%22hospitalCases%22%7D&format=json&page=1 HTTP/1.1" 200 None
DEBUG - 17-Dec-21 12:42:10 - Starting new HTTPS connection (1): api.coronavirus.data.gov.uk:443
DEBUG - 17-Dec-21 12:42:10 - https://api.coronavirus.data.gov.uk:443 "GET /v1/data?filters=areaType%3Dnation%3BareaName%3DEngland&structure=%7B%22date%22%3A%22date%22%2C%22newCasesByPublishDate%22%3A%22newCasesByPublishDate%22%2C%22cumDeaths60DaysByPublishDate%22%3A%22cumDeaths60DaysByPublishDate%22%2C%22hospitalCases%22%3A%22hospitalCases%22%7D&format=json&page=2 HTTP/1.1" 204 0
DEBUG - 17-Dec-21 12:42:10 - Starting new HTTPS connection (1): api.coronavirus.data.gov.uk:443
DEBUG - 17-Dec-21 12:42:10 - https://api.coronavirus.data.gov.uk:443 "GET /v1/data?filters=areaType%3Dnation%3BareaName%3DEngland&structure=%7B%22date%22%3A%22date%22%2C%22newCasesByPublishDate%22%3A%22newCasesByPublishDate%22%2C%22cumDeaths60DaysByPublishDate%22%3A%22cumDeaths60DaysByPublishDate%22%2C%22hospitalCases%22%3A%22hospitalCases%22%7D&format=json&page=1 HTTP/1.1" 200 None
DEBUG - 17-Dec-21 12:42:10 - Starting new HTTPS connection (1): api.coronavirus.data.gov.uk:443
DEBUG - 17-Dec-21 12:42:10 - https://api.coronavirus.data.gov.uk:443 "GET /v1/data?filters=areaType%3Dnation%3BareaName%3DEngland&structure=%7B%22date%22%3A%22date%22%2C%22newCasesByPublishDate%22%3A%22newCasesByPublishDate%22%2C%22cumDeaths60DaysByPublishDate%22%3A%22cumDeaths60DaysByPublishDate%22%2C%22hospitalCases%22%3A%22hospitalCases%22%7D&format=json&page=2 HTTP/1.1" 204 0
DEBUG - 17-Dec-21 12:42:10 - Starting new HTTPS connection (1): api.coronavirus.data.gov.uk:443
DEBUG - 17-Dec-21 12:42:10 - https://api.coronavirus.data.gov.uk:443 "GET /v1/data?filters=areaType%3Dnation%3BareaName%3DEngland&structure=%7B%22date%22%3A%22date%22%2C%22newCasesByPublishDate%22%3A%22newCasesByPublishDate%22%2C%22cumDeaths60DaysByPublishDate%22%3A%22cumDeaths60DaysByPublishDate%22%2C%22hospitalCases%22%3A%22hospitalCases%22%7D&format=json&page=1 HTTP/1.1" 200 None
DEBUG - 17-Dec-21 12:42:10 - Starting new HTTPS connection (1): api.coronavirus.data.gov.uk:443
DEBUG - 17-Dec-21 12:42:10 - https://api.coronavirus.data.gov.uk:443 "GET /v1/data?filters=areaType%3Dnation%3BareaName%3DEngland&structure=%7B%22date%22%3A%22date%22%2C%22newCasesByPublishDate%22%3A%22newCasesByPublishDate%22%2C%22cumDeaths60DaysByPublishDate%22%3A%22cumDeaths60DaysByPublishDate%22%2C%22hospitalCases%22%3A%22hospitalCases%22%7D&format=json&page=2 HTTP/1.1" 204 0
DEBUG - 17-Dec-21 12:42:10 - Starting new HTTPS connection (1): api.coronavirus.data.gov.uk:443
DEBUG - 17-Dec-21 12:42:10 - https://api.coronavirus.data.gov.uk:443 "GET /v1/data?filters=areaType%3Dnation%3BareaName%3DEngland&structure=%7B%22date%22%3A%22date%22%2C%22newCasesByPublishDate%22%3A%22newCasesByPublishDate%22%2C%22cumDeaths60DaysByPublishDate%22%3A%22cumDeaths60DaysByPublishDate%22%2C%22hospitalCases%22%3A%22hospitalCases%22%7D&format=json&page=1 HTTP/1.1" 200 None
DEBUG - 17-Dec-21 12:42:10 - Starting new HTTPS connection (1): api.coronavirus.data.gov.uk:443
DEBUG - 17-Dec-21 12:42:11 - https://api.coronavirus.data.gov.uk:443 "GET /v1/data?filters=areaType%3Dnation%3BareaName%3DEngland&structure=%7B%22date%22%3A%22date%22%2C%22newCasesByPublishDate%22%3A%22newCasesByPublishDate%22%2C%22cumDeaths60DaysByPublishDate%22%3A%22cumDeaths60DaysByPublishDate%22%2C%22hospitalCases%22%3A%22hospitalCases%22%7D&format=json&page=2 HTTP/1.1" 204 0
DEBUG - 17-Dec-21 12:42:11 - Starting new HTTPS connection (1): api.coronavirus.data.gov.uk:443
DEBUG - 17-Dec-21 12:42:11 - https://api.coronavirus.data.gov.uk:443 "GET /v1/data?filters=areaType%3Dnation%3BareaName%3DEngland&structure=%7B%22date%22%3A%22date%22%2C%22newCasesByPublishDate%22%3A%22newCasesByPublishDate%22%2C%22cumDeaths60DaysByPublishDate%22%3A%22cumDeaths60DaysByPublishDate%22%2C%22hospitalCases%22%3A%22hospitalCases%22%7D&format=json&page=1 HTTP/1.1" 200 None
DEBUG - 17-Dec-21 12:42:11 - Starting new HTTPS connection (1): api.coronavirus.data.gov.uk:443
DEBUG - 17-Dec-21 12:42:11 - https://api.coronavirus.data.gov.uk:443 "GET /v1/data?filters=areaType%3Dnation%3BareaName%3DEngland&structure=%7B%22date%22%3A%22date%22%2C%22newCasesByPublishDate%22%3A%22newCasesByPublishDate%22%2C%22cumDeaths60DaysByPublishDate%22%3A%22cumDeaths60DaysByPublishDate%22%2C%22hospitalCases%22%3A%22hospitalCases%22%7D&format=json&page=2 HTTP/1.1" 204 0
DEBUG - 17-Dec-21 12:42:11 - Starting new HTTPS connection (1): api.coronavirus.data.gov.uk:443
DEBUG - 17-Dec-21 12:42:11 - https://api.coronavirus.data.gov.uk:443 "GET /v1/data?filters=areaType%3Dnation%3BareaName%3DEngland&structure=%7B%22date%22%3A%22date%22%2C%22newCasesByPublishDate%22%3A%22newCasesByPublishDate%22%2C%22cumDeaths60DaysByPublishDate%22%3A%22cumDeaths60DaysByPublishDate%22%2C%22hospitalCases%22%3A%22hospitalCases%22%7D&format=json&page=1 HTTP/1.1" 200 None
DEBUG - 17-Dec-21 12:42:11 - Starting new HTTPS connection (1): api.coronavirus.data.gov.uk:443
DEBUG - 17-Dec-21 12:42:11 - https://api.coronavirus.data.gov.uk:443 "GET /v1/data?filters=areaType%3Dnation%3BareaName%3DEngland&structure=%7B%22date%22%3A%22date%22%2C%22newCasesByPublishDate%22%3A%22newCasesByPublishDate%22%2C%22cumDeaths60DaysByPublishDate%22%3A%22cumDeaths60DaysByPublishDate%22%2C%22hospitalCases%22%3A%22hospitalCases%22%7D&format=json&page=2 HTTP/1.1" 204 0
DEBUG - 17-Dec-21 12:42:11 - Starting new HTTP connection (1): newsapi.org:80
DEBUG - 17-Dec-21 12:42:11 - http://newsapi.org:80 "GET /v2/top-headlines?q=Covid&language=en&apiKey=f1c4a6d877f246c089fc9ee261632bbd HTTP/1.1" 200 None
DEBUG - 17-Dec-21 12:42:11 - Starting new HTTP connection (1): newsapi.org:80
DEBUG - 17-Dec-21 12:42:12 - http://newsapi.org:80 "GET /v2/top-headlines?q=COVID-19&language=en&apiKey=f1c4a6d877f246c089fc9ee261632bbd HTTP/1.1" 200 None
DEBUG - 17-Dec-21 12:42:12 - Starting new HTTP connection (1): newsapi.org:80
DEBUG - 17-Dec-21 12:42:12 - http://newsapi.org:80 "GET /v2/top-headlines?q=coronavirus&language=en&apiKey=f1c4a6d877f246c089fc9ee261632bbd HTTP/1.1" 200 None
INFO - 17-Dec-21 12:42:12 - 127.0.0.1 - - [17/Dec/2021 12:42:12] "GET /index?update_item=data%3A+ds HTTP/1.1" 200 -
INFO - 17-Dec-21 12:43:12 - json dump of event_dict into f2 is successful
DEBUG - 17-Dec-21 12:43:12 - Starting new HTTPS connection (1): api.coronavirus.data.gov.uk:443
DEBUG - 17-Dec-21 12:43:13 - https://api.coronavirus.data.gov.uk:443 "GET /v1/data?filters=areaType%3DLtla%3BareaName%3DExeter&structure=%7B%22date%22%3A%22date%22%2C%22newCasesByPublishDate%22%3A%22newCasesByPublishDate%22%2C%22cumDeaths60DaysByPublishDate%22%3A%22cumDeaths60DaysByPublishDate%22%2C%22hospitalCases%22%3A%22hospitalCases%22%7D&format=json&page=1 HTTP/1.1" 200 None
DEBUG - 17-Dec-21 12:43:13 - Starting new HTTPS connection (1): api.coronavirus.data.gov.uk:443
DEBUG - 17-Dec-21 12:43:13 - https://api.coronavirus.data.gov.uk:443 "GET /v1/data?filters=areaType%3DLtla%3BareaName%3DExeter&structure=%7B%22date%22%3A%22date%22%2C%22newCasesByPublishDate%22%3A%22newCasesByPublishDate%22%2C%22cumDeaths60DaysByPublishDate%22%3A%22cumDeaths60DaysByPublishDate%22%2C%22hospitalCases%22%3A%22hospitalCases%22%7D&format=json&page=2 HTTP/1.1" 204 0
DEBUG - 17-Dec-21 12:43:13 - Starting new HTTPS connection (1): api.coronavirus.data.gov.uk:443
DEBUG - 17-Dec-21 12:43:14 - https://api.coronavirus.data.gov.uk:443 "GET /v1/data?filters=areaType%3DLtla%3BareaName%3DExeter&structure=%7B%22date%22%3A%22date%22%2C%22newCasesByPublishDate%22%3A%22newCasesByPublishDate%22%2C%22cumDeaths60DaysByPublishDate%22%3A%22cumDeaths60DaysByPublishDate%22%2C%22hospitalCases%22%3A%22hospitalCases%22%7D&format=json&page=1 HTTP/1.1" 200 None
DEBUG - 17-Dec-21 12:43:14 - Starting new HTTPS connection (1): api.coronavirus.data.gov.uk:443
DEBUG - 17-Dec-21 12:43:14 - https://api.coronavirus.data.gov.uk:443 "GET /v1/data?filters=areaType%3DLtla%3BareaName%3DExeter&structure=%7B%22date%22%3A%22date%22%2C%22newCasesByPublishDate%22%3A%22newCasesByPublishDate%22%2C%22cumDeaths60DaysByPublishDate%22%3A%22cumDeaths60DaysByPublishDate%22%2C%22hospitalCases%22%3A%22hospitalCases%22%7D&format=json&page=2 HTTP/1.1" 204 0
DEBUG - 17-Dec-21 12:43:14 - Starting new HTTPS connection (1): api.coronavirus.data.gov.uk:443
DEBUG - 17-Dec-21 12:43:14 - https://api.coronavirus.data.gov.uk:443 "GET /v1/data?filters=areaType%3DLtla%3BareaName%3DExeter&structure=%7B%22date%22%3A%22date%22%2C%22newCasesByPublishDate%22%3A%22newCasesByPublishDate%22%2C%22cumDeaths60DaysByPublishDate%22%3A%22cumDeaths60DaysByPublishDate%22%2C%22hospitalCases%22%3A%22hospitalCases%22%7D&format=json&page=1 HTTP/1.1" 200 None
DEBUG - 17-Dec-21 12:43:14 - Starting new HTTPS connection (1): api.coronavirus.data.gov.uk:443
DEBUG - 17-Dec-21 12:43:14 - https://api.coronavirus.data.gov.uk:443 "GET /v1/data?filters=areaType%3DLtla%3BareaName%3DExeter&structure=%7B%22date%22%3A%22date%22%2C%22newCasesByPublishDate%22%3A%22newCasesByPublishDate%22%2C%22cumDeaths60DaysByPublishDate%22%3A%22cumDeaths60DaysByPublishDate%22%2C%22hospitalCases%22%3A%22hospitalCases%22%7D&format=json&page=2 HTTP/1.1" 204 0
DEBUG - 17-Dec-21 12:43:14 - Starting new HTTPS connection (1): api.coronavirus.data.gov.uk:443
DEBUG - 17-Dec-21 12:43:14 - https://api.coronavirus.data.gov.uk:443 "GET /v1/data?filters=areaType%3DLtla%3BareaName%3DExeter&structure=%7B%22date%22%3A%22date%22%2C%22newCasesByPublishDate%22%3A%22newCasesByPublishDate%22%2C%22cumDeaths60DaysByPublishDate%22%3A%22cumDeaths60DaysByPublishDate%22%2C%22hospitalCases%22%3A%22hospitalCases%22%7D&format=json&page=1 HTTP/1.1" 200 None
DEBUG - 17-Dec-21 12:43:14 - Starting new HTTPS connection (1): api.coronavirus.data.gov.uk:443
DEBUG - 17-Dec-21 12:43:14 - https://api.coronavirus.data.gov.uk:443 "GET /v1/data?filters=areaType%3DLtla%3BareaName%3DExeter&structure=%7B%22date%22%3A%22date%22%2C%22newCasesByPublishDate%22%3A%22newCasesByPublishDate%22%2C%22cumDeaths60DaysByPublishDate%22%3A%22cumDeaths60DaysByPublishDate%22%2C%22hospitalCases%22%3A%22hospitalCases%22%7D&format=json&page=2 HTTP/1.1" 204 0
DEBUG - 17-Dec-21 12:43:14 - Starting new HTTPS connection (1): api.coronavirus.data.gov.uk:443
DEBUG - 17-Dec-21 12:43:15 - https://api.coronavirus.data.gov.uk:443 "GET /v1/data?filters=areaType%3DLtla%3BareaName%3DExeter&structure=%7B%22date%22%3A%22date%22%2C%22newCasesByPublishDate%22%3A%22newCasesByPublishDate%22%2C%22cumDeaths60DaysByPublishDate%22%3A%22cumDeaths60DaysByPublishDate%22%2C%22hospitalCases%22%3A%22hospitalCases%22%7D&format=json&page=1 HTTP/1.1" 200 None
DEBUG - 17-Dec-21 12:43:15 - Starting new HTTPS connection (1): api.coronavirus.data.gov.uk:443
DEBUG - 17-Dec-21 12:43:15 - https://api.coronavirus.data.gov.uk:443 "GET /v1/data?filters=areaType%3DLtla%3BareaName%3DExeter&structure=%7B%22date%22%3A%22date%22%2C%22newCasesByPublishDate%22%3A%22newCasesByPublishDate%22%2C%22cumDeaths60DaysByPublishDate%22%3A%22cumDeaths60DaysByPublishDate%22%2C%22hospitalCases%22%3A%22hospitalCases%22%7D&format=json&page=2 HTTP/1.1" 204 0
DEBUG - 17-Dec-21 12:43:15 - Starting new HTTPS connection (1): api.coronavirus.data.gov.uk:443
DEBUG - 17-Dec-21 12:43:15 - https://api.coronavirus.data.gov.uk:443 "GET /v1/data?filters=areaType%3DLtla%3BareaName%3DExeter&structure=%7B%22date%22%3A%22date%22%2C%22newCasesByPublishDate%22%3A%22newCasesByPublishDate%22%2C%22cumDeaths60DaysByPublishDate%22%3A%22cumDeaths60DaysByPublishDate%22%2C%22hospitalCases%22%3A%22hospitalCases%22%7D&format=json&page=1 HTTP/1.1" 200 None
DEBUG - 17-Dec-21 12:43:15 - Starting new HTTPS connection (1): api.coronavirus.data.gov.uk:443
DEBUG - 17-Dec-21 12:43:15 - https://api.coronavirus.data.gov.uk:443 "GET /v1/data?filters=areaType%3DLtla%3BareaName%3DExeter&structure=%7B%22date%22%3A%22date%22%2C%22newCasesByPublishDate%22%3A%22newCasesByPublishDate%22%2C%22cumDeaths60DaysByPublishDate%22%3A%22cumDeaths60DaysByPublishDate%22%2C%22hospitalCases%22%3A%22hospitalCases%22%7D&format=json&page=2 HTTP/1.1" 204 0
DEBUG - 17-Dec-21 12:43:15 - Starting new HTTPS connection (1): api.coronavirus.data.gov.uk:443
DEBUG - 17-Dec-21 12:43:15 - https://api.coronavirus.data.gov.uk:443 "GET /v1/data?filters=areaType%3Dnation%3BareaName%3DEngland&structure=%7B%22date%22%3A%22date%22%2C%22newCasesByPublishDate%22%3A%22newCasesByPublishDate%22%2C%22cumDeaths60DaysByPublishDate%22%3A%22cumDeaths60DaysByPublishDate%22%2C%22hospitalCases%22%3A%22hospitalCases%22%7D&format=json&page=1 HTTP/1.1" 200 None
DEBUG - 17-Dec-21 12:43:15 - Starting new HTTPS connection (1): api.coronavirus.data.gov.uk:443
DEBUG - 17-Dec-21 12:43:16 - https://api.coronavirus.data.gov.uk:443 "GET /v1/data?filters=areaType%3Dnation%3BareaName%3DEngland&structure=%7B%22date%22%3A%22date%22%2C%22newCasesByPublishDate%22%3A%22newCasesByPublishDate%22%2C%22cumDeaths60DaysByPublishDate%22%3A%22cumDeaths60DaysByPublishDate%22%2C%22hospitalCases%22%3A%22hospitalCases%22%7D&format=json&page=2 HTTP/1.1" 204 0
DEBUG - 17-Dec-21 12:43:16 - Starting new HTTPS connection (1): api.coronavirus.data.gov.uk:443
DEBUG - 17-Dec-21 12:43:16 - https://api.coronavirus.data.gov.uk:443 "GET /v1/data?filters=areaType%3Dnation%3BareaName%3DEngland&structure=%7B%22date%22%3A%22date%22%2C%22newCasesByPublishDate%22%3A%22newCasesByPublishDate%22%2C%22cumDeaths60DaysByPublishDate%22%3A%22cumDeaths60DaysByPublishDate%22%2C%22hospitalCases%22%3A%22hospitalCases%22%7D&format=json&page=1 HTTP/1.1" 200 None
DEBUG - 17-Dec-21 12:43:16 - Starting new HTTPS connection (1): api.coronavirus.data.gov.uk:443
DEBUG - 17-Dec-21 12:43:16 - https://api.coronavirus.data.gov.uk:443 "GET /v1/data?filters=areaType%3Dnation%3BareaName%3DEngland&structure=%7B%22date%22%3A%22date%22%2C%22newCasesByPublishDate%22%3A%22newCasesByPublishDate%22%2C%22cumDeaths60DaysByPublishDate%22%3A%22cumDeaths60DaysByPublishDate%22%2C%22hospitalCases%22%3A%22hospitalCases%22%7D&format=json&page=2 HTTP/1.1" 204 0
DEBUG - 17-Dec-21 12:43:16 - Starting new HTTPS connection (1): api.coronavirus.data.gov.uk:443
DEBUG - 17-Dec-21 12:43:16 - https://api.coronavirus.data.gov.uk:443 "GET /v1/data?filters=areaType%3Dnation%3BareaName%3DEngland&structure=%7B%22date%22%3A%22date%22%2C%22newCasesByPublishDate%22%3A%22newCasesByPublishDate%22%2C%22cumDeaths60DaysByPublishDate%22%3A%22cumDeaths60DaysByPublishDate%22%2C%22hospitalCases%22%3A%22hospitalCases%22%7D&format=json&page=1 HTTP/1.1" 200 None
DEBUG - 17-Dec-21 12:43:16 - Starting new HTTPS connection (1): api.coronavirus.data.gov.uk:443
DEBUG - 17-Dec-21 12:43:17 - https://api.coronavirus.data.gov.uk:443 "GET /v1/data?filters=areaType%3Dnation%3BareaName%3DEngland&structure=%7B%22date%22%3A%22date%22%2C%22newCasesByPublishDate%22%3A%22newCasesByPublishDate%22%2C%22cumDeaths60DaysByPublishDate%22%3A%22cumDeaths60DaysByPublishDate%22%2C%22hospitalCases%22%3A%22hospitalCases%22%7D&format=json&page=2 HTTP/1.1" 204 0
DEBUG - 17-Dec-21 12:43:17 - Starting new HTTPS connection (1): api.coronavirus.data.gov.uk:443
DEBUG - 17-Dec-21 12:43:17 - https://api.coronavirus.data.gov.uk:443 "GET /v1/data?filters=areaType%3Dnation%3BareaName%3DEngland&structure=%7B%22date%22%3A%22date%22%2C%22newCasesByPublishDate%22%3A%22newCasesByPublishDate%22%2C%22cumDeaths60DaysByPublishDate%22%3A%22cumDeaths60DaysByPublishDate%22%2C%22hospitalCases%22%3A%22hospitalCases%22%7D&format=json&page=1 HTTP/1.1" 200 None
DEBUG - 17-Dec-21 12:43:17 - Starting new HTTPS connection (1): api.coronavirus.data.gov.uk:443
DEBUG - 17-Dec-21 12:43:17 - https://api.coronavirus.data.gov.uk:443 "GET /v1/data?filters=areaType%3Dnation%3BareaName%3DEngland&structure=%7B%22date%22%3A%22date%22%2C%22newCasesByPublishDate%22%3A%22newCasesByPublishDate%22%2C%22cumDeaths60DaysByPublishDate%22%3A%22cumDeaths60DaysByPublishDate%22%2C%22hospitalCases%22%3A%22hospitalCases%22%7D&format=json&page=2 HTTP/1.1" 204 0
DEBUG - 17-Dec-21 12:43:17 - Starting new HTTPS connection (1): api.coronavirus.data.gov.uk:443
DEBUG - 17-Dec-21 12:43:17 - https://api.coronavirus.data.gov.uk:443 "GET /v1/data?filters=areaType%3Dnation%3BareaName%3DEngland&structure=%7B%22date%22%3A%22date%22%2C%22newCasesByPublishDate%22%3A%22newCasesByPublishDate%22%2C%22cumDeaths60DaysByPublishDate%22%3A%22cumDeaths60DaysByPublishDate%22%2C%22hospitalCases%22%3A%22hospitalCases%22%7D&format=json&page=1 HTTP/1.1" 200 None
DEBUG - 17-Dec-21 12:43:17 - Starting new HTTPS connection (1): api.coronavirus.data.gov.uk:443
DEBUG - 17-Dec-21 12:43:17 - https://api.coronavirus.data.gov.uk:443 "GET /v1/data?filters=areaType%3Dnation%3BareaName%3DEngland&structure=%7B%22date%22%3A%22date%22%2C%22newCasesByPublishDate%22%3A%22newCasesByPublishDate%22%2C%22cumDeaths60DaysByPublishDate%22%3A%22cumDeaths60DaysByPublishDate%22%2C%22hospitalCases%22%3A%22hospitalCases%22%7D&format=json&page=2 HTTP/1.1" 204 0
DEBUG - 17-Dec-21 12:43:17 - Starting new HTTPS connection (1): api.coronavirus.data.gov.uk:443
DEBUG - 17-Dec-21 12:43:17 - https://api.coronavirus.data.gov.uk:443 "GET /v1/data?filters=areaType%3Dnation%3BareaName%3DEngland&structure=%7B%22date%22%3A%22date%22%2C%22newCasesByPublishDate%22%3A%22newCasesByPublishDate%22%2C%22cumDeaths60DaysByPublishDate%22%3A%22cumDeaths60DaysByPublishDate%22%2C%22hospitalCases%22%3A%22hospitalCases%22%7D&format=json&page=1 HTTP/1.1" 200 None
DEBUG - 17-Dec-21 12:43:17 - Starting new HTTPS connection (1): api.coronavirus.data.gov.uk:443
DEBUG - 17-Dec-21 12:43:17 - https://api.coronavirus.data.gov.uk:443 "GET /v1/data?filters=areaType%3Dnation%3BareaName%3DEngland&structure=%7B%22date%22%3A%22date%22%2C%22newCasesByPublishDate%22%3A%22newCasesByPublishDate%22%2C%22cumDeaths60DaysByPublishDate%22%3A%22cumDeaths60DaysByPublishDate%22%2C%22hospitalCases%22%3A%22hospitalCases%22%7D&format=json&page=2 HTTP/1.1" 204 0
DEBUG - 17-Dec-21 12:43:17 - Starting new HTTPS connection (1): api.coronavirus.data.gov.uk:443
DEBUG - 17-Dec-21 12:43:18 - https://api.coronavirus.data.gov.uk:443 "GET /v1/data?filters=areaType%3Dnation%3BareaName%3DEngland&structure=%7B%22date%22%3A%22date%22%2C%22newCasesByPublishDate%22%3A%22newCasesByPublishDate%22%2C%22cumDeaths60DaysByPublishDate%22%3A%22cumDeaths60DaysByPublishDate%22%2C%22hospitalCases%22%3A%22hospitalCases%22%7D&format=json&page=1 HTTP/1.1" 200 None
DEBUG - 17-Dec-21 12:43:18 - Starting new HTTPS connection (1): api.coronavirus.data.gov.uk:443
DEBUG - 17-Dec-21 12:43:18 - https://api.coronavirus.data.gov.uk:443 "GET /v1/data?filters=areaType%3Dnation%3BareaName%3DEngland&structure=%7B%22date%22%3A%22date%22%2C%22newCasesByPublishDate%22%3A%22newCasesByPublishDate%22%2C%22cumDeaths60DaysByPublishDate%22%3A%22cumDeaths60DaysByPublishDate%22%2C%22hospitalCases%22%3A%22hospitalCases%22%7D&format=json&page=2 HTTP/1.1" 204 0
DEBUG - 17-Dec-21 12:43:18 - Starting new HTTPS connection (1): api.coronavirus.data.gov.uk:443
DEBUG - 17-Dec-21 12:43:18 - https://api.coronavirus.data.gov.uk:443 "GET /v1/data?filters=areaType%3Dnation%3BareaName%3DEngland&structure=%7B%22date%22%3A%22date%22%2C%22newCasesByPublishDate%22%3A%22newCasesByPublishDate%22%2C%22cumDeaths60DaysByPublishDate%22%3A%22cumDeaths60DaysByPublishDate%22%2C%22hospitalCases%22%3A%22hospitalCases%22%7D&format=json&page=1 HTTP/1.1" 200 None
DEBUG - 17-Dec-21 12:43:18 - Starting new HTTPS connection (1): api.coronavirus.data.gov.uk:443
DEBUG - 17-Dec-21 12:43:18 - https://api.coronavirus.data.gov.uk:443 "GET /v1/data?filters=areaType%3Dnation%3BareaName%3DEngland&structure=%7B%22date%22%3A%22date%22%2C%22newCasesByPublishDate%22%3A%22newCasesByPublishDate%22%2C%22cumDeaths60DaysByPublishDate%22%3A%22cumDeaths60DaysByPublishDate%22%2C%22hospitalCases%22%3A%22hospitalCases%22%7D&format=json&page=2 HTTP/1.1" 204 0
DEBUG - 17-Dec-21 12:43:18 - Starting new HTTP connection (1): newsapi.org:80
DEBUG - 17-Dec-21 12:43:18 - http://newsapi.org:80 "GET /v2/top-headlines?q=Covid&language=en&apiKey=f1c4a6d877f246c089fc9ee261632bbd HTTP/1.1" 200 None
DEBUG - 17-Dec-21 12:43:18 - Starting new HTTP connection (1): newsapi.org:80
DEBUG - 17-Dec-21 12:43:19 - http://newsapi.org:80 "GET /v2/top-headlines?q=COVID-19&language=en&apiKey=f1c4a6d877f246c089fc9ee261632bbd HTTP/1.1" 200 None
DEBUG - 17-Dec-21 12:43:19 - Starting new HTTP connection (1): newsapi.org:80
DEBUG - 17-Dec-21 12:43:19 - http://newsapi.org:80 "GET /v2/top-headlines?q=coronavirus&language=en&apiKey=f1c4a6d877f246c089fc9ee261632bbd HTTP/1.1" 200 None
INFO - 17-Dec-21 12:43:19 - 127.0.0.1 - - [17/Dec/2021 12:43:19] "GET /index HTTP/1.1" 200 -
